CST 2021-03-11 20:40:48.751 - root - main.py - line 304 - INFO - Initializing:
CST 2021-03-11 20:40:48.751 - root - main.py - line 307 - INFO - Code being tested: False
CST 2021-03-11 20:40:48.751 - root - main.py - line 310 - INFO - "BertForSequenceClassification" model is used instead of the plain BERT model: False
CST 2021-03-11 20:40:48.751 - root - main.py - line 313 - INFO - Dataset: type 1 sentences
CST 2021-03-11 20:40:48.751 - root - main.py - line 319 - INFO - Tokenizer parallelization: true
CST 2021-03-11 20:40:50.272 - root - main.py - line 322 - INFO - CPU type: Intel(R) Core(TM) i7-9750H CPU @ 2.60GHz
CST 2021-03-11 20:40:50.272 - root - main.py - line 325 - INFO - Device: cpu
CST 2021-03-11 20:40:50.274 - root - main.py - line 332 - INFO - Random seed: 42
CST 2021-03-11 20:40:50.309 - root - main.py - line 345 - INFO - Number of epochs: 10
CST 2021-03-11 20:40:50.309 - root - main.py - line 351 - INFO - Max length = 256
CST 2021-03-11 20:40:50.309 - root - main.py - line 354 - INFO - 
CST 2021-03-11 20:40:50.309 - root - main.py - line 355 - INFO - Loading datasets:
CST 2021-03-11 20:40:52.094 - root - main.py - line 368 - INFO - Type 1 sentence ratio for train set: 0.19907407407407407
CST 2021-03-11 20:40:52.095 - root - main.py - line 369 - INFO - Type 1 sentence ratio for dev and test sets: 0.14876820066865193
CST 2021-03-11 20:40:52.199 - root - main.py - line 380 - INFO - Number of sentences used for training: 864
CST 2021-03-11 20:40:52.199 - root - main.py - line 381 - INFO - Number of sentences used for validation: 5000
CST 2021-03-11 20:40:52.199 - root - main.py - line 382 - INFO - Number of sentences used for testing: 5000
CST 2021-03-11 20:40:52.199 - root - main.py - line 385 - INFO - 
CST 2021-03-11 20:40:52.199 - root - main.py - line 386 - INFO - Grid search begins: 
CST 2021-03-11 20:40:52.199 - root - main.py - line 390 - INFO - Batch sizes: [16, 32]
CST 2021-03-11 20:40:52.199 - root - main.py - line 391 - INFO - Initial learning rates: [2e-06, 6e-06, 1e-05]
CST 2021-03-11 20:40:52.199 - root - main.py - line 394 - INFO - Drop rates: 0.3
CST 2021-03-11 20:40:52.199 - root - main.py - line 396 - INFO - Xavier initialization: False
CST 2021-03-11 20:40:52.199 - root - main.py - line 398 - INFO - Hidden layer: None
CST 2021-03-11 20:40:53.563 - root - main.py - line 440 - INFO - ----------------------------------------------------------------------------------------------------
CST 2021-03-11 20:40:53.563 - root - main.py - line 441 - INFO - Batch size: 16, initial learning rate: 2e-06, total steps: 540
CST 2021-03-11 20:40:53.564 - root - main.py - line 442 - INFO - ----------------------------------------------------------------------------------------------------
CST 2021-03-11 20:40:53.564 - root - main.py - line 450 - INFO - Epoch 1/10
