CST 2021-03-11 10:50:51.000 - root - main.py - line 303 - INFO - Initializing:
CST 2021-03-11 10:50:51.001 - root - main.py - line 306 - INFO - Code being tested: False
CST 2021-03-11 10:50:51.001 - root - main.py - line 309 - INFO - "BertForSequenceClassification" model is used instead of the plain BERT model: False
CST 2021-03-11 10:50:51.001 - root - main.py - line 312 - INFO - Dataset: type 1 sentences
CST 2021-03-11 10:50:51.001 - root - main.py - line 318 - INFO - Tokenizer parallelization: true
CST 2021-03-11 10:50:52.512 - root - main.py - line 321 - INFO - CPU type: Intel(R) Core(TM) i7-9750H CPU @ 2.60GHz
CST 2021-03-11 10:50:52.513 - root - main.py - line 324 - INFO - Device: cpu
CST 2021-03-11 10:50:52.516 - root - main.py - line 331 - INFO - Random seed: 42
CST 2021-03-11 10:50:52.551 - root - main.py - line 344 - INFO - Number of epochs: 10
CST 2021-03-11 10:50:52.551 - root - main.py - line 350 - INFO - Max length = 256
CST 2021-03-11 10:50:52.551 - root - main.py - line 353 - INFO - 
CST 2021-03-11 10:50:52.551 - root - main.py - line 354 - INFO - Loading datasets:
CST 2021-03-11 10:50:54.359 - root - main.py - line 367 - INFO - Type 1 sentence ratio for train set: 0.19907407407407407
CST 2021-03-11 10:50:54.359 - root - main.py - line 368 - INFO - Type 1 sentence ratio for dev and test sets: 0.14876820066865193
CST 2021-03-11 10:50:54.474 - root - main.py - line 379 - INFO - Number of sentences used for training: 864
CST 2021-03-11 10:50:54.475 - root - main.py - line 380 - INFO - Number of sentences used for validation: 5000
CST 2021-03-11 10:50:54.475 - root - main.py - line 381 - INFO - Number of sentences used for testing: 5000
CST 2021-03-11 10:50:54.475 - root - main.py - line 384 - INFO - 
CST 2021-03-11 10:50:54.475 - root - main.py - line 385 - INFO - Grid search begins: 
CST 2021-03-11 10:50:54.475 - root - main.py - line 389 - INFO - Batch sizes: [16, 32]
CST 2021-03-11 10:50:54.475 - root - main.py - line 390 - INFO - Initial learning rates: [2e-06, 6e-06, 1e-05]
CST 2021-03-11 10:50:54.475 - root - main.py - line 393 - INFO - Drop rates: 0.3
CST 2021-03-11 10:50:54.475 - root - main.py - line 395 - INFO - Xavier initialization: False
CST 2021-03-11 10:50:54.475 - root - main.py - line 397 - INFO - Hidden layer: None
CST 2021-03-11 10:50:56.131 - root - main.py - line 439 - INFO - ----------------------------------------------------------------------------------------------------
CST 2021-03-11 10:50:56.131 - root - main.py - line 440 - INFO - Batch size: 16, initial learning rate: 2e-06, total steps: 540
CST 2021-03-11 10:50:56.131 - root - main.py - line 441 - INFO - ----------------------------------------------------------------------------------------------------
CST 2021-03-11 10:50:56.131 - root - main.py - line 449 - INFO - Epoch 1/10
