CST 2021-03-22 23:08:17.276 - root - main.py - line 383 - INFO - Initializing:
CST 2021-03-22 23:08:17.276 - root - main.py - line 386 - INFO - Code being tested: True
CST 2021-03-22 23:08:17.276 - root - main.py - line 389 - INFO - "BertForSequenceClassification" model is used instead of the plain BERT model: False
CST 2021-03-22 23:08:17.276 - root - main.py - line 396 - INFO - Use automatic mixed precision: False
CST 2021-03-22 23:08:17.276 - root - main.py - line 399 - INFO - Dataset: type 2 sentences
CST 2021-03-22 23:08:17.277 - root - main.py - line 405 - INFO - Tokenizer parallelization: true
CST 2021-03-22 23:08:18.829 - root - main.py - line 408 - INFO - CPU: Intel(R) Core(TM) i7-9750H CPU @ 2.60GHz
CST 2021-03-22 23:08:18.830 - root - main.py - line 413 - INFO - Device count: 0
CST 2021-03-22 23:08:18.830 - root - main.py - line 415 - INFO - Device name(s): cpu
CST 2021-03-22 23:08:18.831 - root - main.py - line 424 - INFO - Random seed: 42
CST 2021-03-22 23:08:18.865 - root - main.py - line 437 - INFO - Number of epochs: 2
CST 2021-03-22 23:08:18.866 - root - main.py - line 440 - INFO - 
CST 2021-03-22 23:08:18.866 - root - main.py - line 441 - INFO - Loading datasets:
CST 2021-03-22 23:08:18.915 - root - main.py - line 460 - INFO - Number of sentences used for training/validation/testing: 10/10/10
CST 2021-03-22 23:08:18.917 - root - main.py - line 465 - INFO - Type 2 sentence ratio in train/val/test set: 0.1/0.5/0.1
CST 2021-03-22 23:08:18.917 - root - main.py - line 491 - INFO - Max length = 256
CST 2021-03-22 23:08:18.918 - root - main.py - line 494 - INFO - 
CST 2021-03-22 23:08:18.918 - root - main.py - line 495 - INFO - Grid search begins: 
CST 2021-03-22 23:08:18.918 - root - main.py - line 500 - INFO - Batch sizes: [64]
CST 2021-03-22 23:08:18.918 - root - main.py - line 501 - INFO - Initial learning rates: [1e-05]
CST 2021-03-22 23:08:18.918 - root - main.py - line 502 - INFO - Weight decay: [0.1]
CST 2021-03-22 23:08:18.918 - root - main.py - line 505 - INFO - Xavier initialization: False
CST 2021-03-22 23:08:18.918 - root - main.py - line 507 - INFO - Drop rates: 0.3
CST 2021-03-22 23:08:18.918 - root - main.py - line 509 - INFO - Hidden layer: None
CST 2021-03-22 23:08:18.918 - root - main.py - line 95 - DEBUG - Dataloader: shuffle=True
CST 2021-03-22 23:08:18.919 - root - main.py - line 95 - DEBUG - Dataloader: shuffle=True
CST 2021-03-22 23:08:20.336 - root - main.py - line 562 - INFO - ----------------------------------------------------------------------------------------------------
CST 2021-03-22 23:08:20.337 - root - main.py - line 563 - INFO - Batch size: 64, initial learning rate: 1e-05, weight decay rates: 0.1, total steps: 2
CST 2021-03-22 23:08:20.337 - root - main.py - line 565 - INFO - ----------------------------------------------------------------------------------------------------
CST 2021-03-22 23:08:20.337 - root - main.py - line 573 - INFO - Epoch 1/2
